\BOOKMARK [0][-]{Doc-Start}{\376\377\000B\036\243\000n\000\040\000c\000a\000m\000\040\001\021\000o\000a\000n}{}% 1
\BOOKMARK [0][-]{chapter*.2}{\376\377\000L\036\335\000i\000\040\000c\036\243\000m\000\040\001\241\000n}{}% 2
\BOOKMARK [0][-]{chapter*.3}{\376\377\000T\000\363\000m\000\040\000t\036\257\000t}{}% 3
\BOOKMARK [0][-]{chapter*.4}{\376\377\000D\000a\000n\000h\000\040\000m\036\345\000c\000\040\000b\036\243\000n\000g\000\040\000b\000i\036\303\000u}{}% 4
\BOOKMARK [0][-]{chapter*.5}{\376\377\000D\000a\000n\000h\000\040\000m\036\345\000c\000\040\000h\000\354\000n\000h\000\040\036\243\000n\000h}{}% 5
\BOOKMARK [0][-]{chapter*.7}{\376\377\000D\000a\000n\000h\000\040\000m\036\345\000c\000\040\000k\000\375\000\040\000h\000i\036\307\000u\000,\000\040\000c\000h\036\357\000\040\000v\000i\036\277\000t\000\040\000t\036\257\000t}{}% 6
\BOOKMARK [0][-]{chapter*.9}{\376\377\000M\036\337\000\040\001\021\036\247\000u}{}% 7
\BOOKMARK [1][-]{section*.10}{\376\377\000G\000i\036\333\000i\000\040\000t\000h\000i\036\307\000u\000\040\001\021\001\241\000n\000\040\000v\036\313\000\040\000t\000h\036\361\000c\000\040\000t\036\255\000p}{chapter*.9}% 8
\BOOKMARK [1][-]{section*.10}{\376\377\000L\000\375\000\040\000d\000o\000\040\000c\000h\036\315\000n\000\040\001\021\036\301\000\040\000t\000\340\000i}{chapter*.9}% 9
\BOOKMARK [1][-]{section*.10}{\376\377\000M\036\345\000c\000\040\000t\000i\000\352\000u\000\040\000n\000g\000h\000i\000\352\000n\000\040\000c\036\351\000u}{chapter*.9}% 10
\BOOKMARK [1][-]{Item.4}{\376\377\001\020\036\321\000i\000\040\000t\001\260\036\343\000n\000g\000\040\000v\000\340\000\040\000p\000h\036\241\000m\000\040\000v\000i\000\040\000n\000g\000h\000i\000\352\000n\000\040\000c\036\351\000u}{chapter*.9}% 11
\BOOKMARK [2][-]{section*.11}{\376\377\000P\000h\036\241\000m\000\040\000v\000i\000\040\000n\000g\000h\000i\000\352\000n\000\040\000c\036\351\000u}{Item.4}% 12
\BOOKMARK [2][-]{section*.11}{\376\377\001\020\036\321\000i\000\040\000t\001\260\036\343\000n\000g\000\040\000n\000g\000h\000i\000\352\000n\000\040\000c\036\351\000u}{Item.4}% 13
\BOOKMARK [1][-]{Item.8}{\376\377\000P\000h\001\260\001\241\000n\000g\000\040\000p\000h\000\341\000p\000\040\000n\000g\000h\000i\000\352\000n\000\040\000c\036\351\000u}{chapter*.9}% 14
\BOOKMARK [1][-]{Item.13}{\376\377\000D\036\361\000\040\000k\000i\036\277\000n\000\040\000k\036\277\000t\000\040\000q\000u\036\243\000\040\000n\000g\000h\000i\000\352\000n\000\040\000c\036\351\000u\000\040\001\021\036\241\000t\000\040\001\021\001\260\036\343\000c}{chapter*.9}% 15
\BOOKMARK [2][-]{section*.12}{\376\377\000S\036\243\000n\000\040\000p\000h\036\251\000m\000\040\000p\000h\036\247\000n\000\040\000m\036\301\000m}{Item.13}% 16
\BOOKMARK [2][-]{Item.16}{\376\377\000T\000\340\000i\000\040\000l\000i\036\307\000u\000\040\000n\000g\000h\000i\000\352\000n\000\040\000c\036\351\000u\000\040\000v\000\340\000\040\000t\000h\000i\036\277\000t\000\040\000k\036\277}{Item.13}% 17
\BOOKMARK [2][-]{Item.19}{\376\377\000K\000i\036\277\000n\000\040\000t\000h\036\351\000c\000\040\000v\000\340\000\040\001\021\000\363\000n\000g\000\040\000g\000\363\000p\000\040\000h\036\315\000c\000\040\000t\000h\000u\036\255\000t}{Item.13}% 18
\BOOKMARK [2][-]{Item.22}{\376\377\000S\036\243\000n\000\040\000p\000h\036\251\000m\000\040\000b\036\325\000\040\000t\000r\036\343}{Item.13}% 19
\BOOKMARK [1][-]{Item.22}{\376\377\000\335\000\040\000n\000g\000h\001\051\000a\000\040\000k\000h\000o\000a\000\040\000h\036\315\000c\000\040\000v\000\340\000\040\000\375\000\040\000n\000g\000h\001\051\000a\000\040\000t\000h\036\361\000c\000\040\000t\000i\036\305\000n\000\040\000c\036\347\000a\000\040\000n\000g\000h\000i\000\352\000n\000\040\000c\036\351\000u}{chapter*.9}% 20
\BOOKMARK [2][-]{section*.13}{\376\377\000\335\000\040\000n\000g\000h\001\051\000a\000\040\000k\000h\000o\000a\000\040\000h\036\315\000c}{Item.22}% 21
\BOOKMARK [2][-]{subsection.0.0.1}{\376\377\000\335\000\040\000n\000g\000h\001\051\000a\000\040\000t\000h\036\361\000c\000\040\000t\000i\036\305\000n}{Item.22}% 22
\BOOKMARK [1][-]{Item.30}{\376\377\000B\036\321\000\040\000c\036\345\000c\000\040\000c\036\347\000a\000\040\000b\000\341\000o\000\040\000c\000\341\000o}{chapter*.9}% 23
\BOOKMARK [0][-]{chapter.1}{\376\377\000C\001\240\000\040\000S\036\336\000\040\000L\000\335\000\040\000T\000H\000U\000Y\036\276\000T}{}% 24
\BOOKMARK [1][-]{section.1.1}{\376\377\000T\036\325\000n\000g\000\040\000q\000u\000a\000n\000\040\000v\036\301\000\040\000t\000r\000\355\000\040\000t\000u\036\307\000\040\000n\000h\000\342\000n\000\040\000t\036\241\000o\000\040\000v\000\340\000\040\000m\000\364\000\040\000h\000\354\000n\000h\000\040\000n\000g\000\364\000n\000\040\000n\000g\036\357\000\040\000l\036\333\000n}{chapter.1}% 25
\BOOKMARK [2][-]{subsection.1.1.1}{\376\377\000K\000h\000\341\000i\000\040\000n\000i\036\307\000m\000\040\000t\000r\000\355\000\040\000t\000u\036\307\000\040\000n\000h\000\342\000n\000\040\000t\036\241\000o}{section.1.1}% 26
\BOOKMARK [2][-]{subsection.1.1.2}{\376\377\000M\000\364\000\040\000h\000\354\000n\000h\000\040\000n\000g\000\364\000n\000\040\000n\000g\036\357\000\040\000l\036\333\000n\000\040\000\050\000L\000L\000M\000s\000\051}{section.1.1}% 27
\BOOKMARK [2][-]{subsection.1.1.3}{\376\377\000A\000I\000\040\000C\000h\000a\000t\000b\000o\000t\000\040\000t\000r\000o\000n\000g\000\040\000p\000h\000\341\000t\000\040\000t\000r\000i\036\303\000n\000\040\000p\000h\036\247\000n\000\040\000m\036\301\000m}{section.1.1}% 28
\BOOKMARK [1][-]{section.1.2}{\376\377\000Q\000u\000y\000\040\000t\000r\000\354\000n\000h\000\040\000l\000\340\000m\000\040\000v\000i\036\307\000c\000\040\000d\036\361\000a\000\040\000t\000r\000\352\000n\000\040\000A\000g\000e\000n\000t\000\040\000\050\000A\000g\000e\000n\000t\000i\000c\000\040\000W\000o\000r\000k\000f\000l\000o\000w\000\051}{chapter.1}% 29
\BOOKMARK [2][-]{subsection.1.2.1}{\376\377\001\020\036\313\000n\000h\000\040\000n\000g\000h\001\051\000a\000\040\000A\000g\000e\000n\000t\000i\000c\000\040\000W\000o\000r\000k\000f\000l\000o\000w}{section.1.2}% 30
\BOOKMARK [2][-]{subsection.1.2.2}{\376\377\036\350\000n\000g\000\040\000d\036\345\000n\000g\000\040\000A\000g\000e\000n\000t\000i\000c\000\040\000W\000o\000r\000k\000f\000l\000o\000w\000\040\000v\000\340\000o\000\040\000p\000h\000\341\000t\000\040\000t\000r\000i\036\303\000n\000\040\000p\000h\036\247\000n\000\040\000m\036\301\000m}{section.1.2}% 31
\BOOKMARK [2][-]{subsection.1.2.3}{\376\377\000K\000h\000\341\000i\000\040\000n\000i\036\307\000m\000\040\000A\000g\000e\000n\000t\000\040\000S\000k\000i\000l\000l}{section.1.2}% 32
\BOOKMARK [1][-]{section.1.3}{\376\377\000C\000\341\000c\000\040\000c\000\364\000n\000g\000\040\000n\000g\000h\036\307\000\040\000n\036\301\000n\000\040\000t\036\243\000n\000g}{chapter.1}% 33
\BOOKMARK [2][-]{subsection.1.3.1}{\376\377\000N\000e\000x\000t\000.\000j\000s\000\040\0001\0005\000\040\000v\000\340\000\040\000R\000e\000a\000c\000t\000\040\0001\0009}{section.1.3}% 34
\BOOKMARK [2][-]{subsection.1.3.2}{\376\377\000P\000a\000y\000l\000o\000a\000d\000\040\000C\000M\000S\000\040\0003\000.\000x}{section.1.3}% 35
\BOOKMARK [2][-]{subsection.1.3.3}{\376\377\000M\000o\000n\000g\000o\000D\000B\000\040\000A\000t\000l\000a\000s}{section.1.3}% 36
\BOOKMARK [2][-]{subsection.1.3.4}{\376\377\000T\000a\000i\000l\000w\000i\000n\000d\000\040\000C\000S\000S\000\040\000v\0004\000\040\000v\000\340\000\040\000R\000a\000d\000i\000x\000\040\000U\000I}{section.1.3}% 37
\BOOKMARK [1][-]{section.1.4}{\376\377\000P\000h\001\260\001\241\000n\000g\000\040\000p\000h\000\341\000p\000\040\000m\000\364\000\040\000h\000\354\000n\000h\000\040\000h\000\363\000a\000\040\000U\000M\000L}{chapter.1}% 38
\BOOKMARK [2][-]{subsection.1.4.1}{\376\377\000T\036\325\000n\000g\000\040\000q\000u\000a\000n\000\040\000v\036\301\000\040\000U\000M\000L}{section.1.4}% 39
\BOOKMARK [2][-]{subsection.1.4.2}{\376\377\000C\000\364\000n\000g\000\040\000c\036\345\000\040\000v\036\275\000\040\000s\001\241\000\040\001\021\036\323\000:\000\040\000M\000e\000r\000m\000a\000i\000d\000.\000j\000s}{section.1.4}% 40
\BOOKMARK [1][-]{section.1.5}{\376\377\000Q\000u\000y\000\040\000t\000r\000\354\000n\000h\000\040\000p\000h\000\341\000t\000\040\000t\000r\000i\036\303\000n\000\040\000p\000h\036\247\000n\000\040\000m\036\301\000m\000\040\000v\000\340\000\040\000m\000\364\000\040\000h\000\354\000n\000h\000\040\0004\000-\000L\000i\000f\000e}{chapter.1}% 41
\BOOKMARK [2][-]{subsection.1.5.1}{\376\377\000M\000\364\000\040\000h\000\354\000n\000h\000\040\000p\000h\000\341\000t\000\040\000t\000r\000i\036\303\000n\000\040\000t\000r\000u\000y\036\301\000n\000\040\000t\000h\036\321\000n\000g}{section.1.5}% 42
\BOOKMARK [2][-]{subsection.1.5.2}{\376\377\000M\000\364\000\040\000h\000\354\000n\000h\000\040\0004\000-\000L\000i\000f\000e\000\040\000c\000h\000o\000\040\000p\000h\000\341\000t\000\040\000t\000r\000i\036\303\000n\000\040\000t\000\355\000c\000h\000\040\000h\036\343\000p\000\040\000A\000I}{section.1.5}% 43
\BOOKMARK [1][-]{section.1.6}{\376\377\000P\000h\000\342\000n\000\040\000t\000\355\000c\000h\000\040\000b\000\340\000i\000\040\000t\000o\000\341\000n\000\040\000m\036\241\000n\000g\000\040\000x\000\343\000\040\000h\036\331\000i\000\040\000c\000h\000i\000a\000\040\000s\036\273\000\040\000k\000i\036\277\000n\000\040\000t\000h\036\351\000c}{chapter.1}% 44
\BOOKMARK [2][-]{subsection.1.6.1}{\376\377\001\020\036\267\000c\000\040\000t\000h\000\371\000\040\000c\036\347\000a\000\040\000m\036\241\000n\000g\000\040\000x\000\343\000\040\000h\036\331\000i\000\040\000c\000h\000i\000a\000\040\000s\036\273\000\040\000k\000i\036\277\000n\000\040\000t\000h\036\351\000c}{section.1.6}% 45
\BOOKMARK [2][-]{subsection.1.6.2}{\376\377\000K\000h\036\243\000o\000\040\000s\000\341\000t\000\040\000c\000\341\000c\000\040\000h\036\307\000\040\000t\000h\036\321\000n\000g\000\040\000t\001\260\001\241\000n\000g\000\040\000t\036\361}{section.1.6}% 46
\BOOKMARK [0][-]{chapter.2}{\376\377\000P\000H\000\302\000N\000\040\000T\000\315\000C\000H\000\040\000V\000\300\000\040\000T\000H\000I\036\276\000T\000\040\000K\036\276\000\040\000H\036\306\000\040\000T\000H\036\320\000N\000G\000\040\000A\000G\000E\000N\000T\000\040\000S\000K\000I\000L\000L\000S}{}% 47
\BOOKMARK [1][-]{section.2.1}{\376\377\000K\000i\036\277\000n\000\040\000t\000r\000\372\000c\000\040\000t\036\325\000n\000g\000\040\000t\000h\036\303\000\040\000h\036\307\000\040\000t\000h\036\321\000n\000g\000\040\000A\000g\000e\000n\000t\000\040\000S\000k\000i\000l\000l\000s}{chapter.2}% 48
\BOOKMARK [2][-]{subsection.2.1.1}{\376\377\000M\000\364\000\040\000h\000\354\000n\000h\000\040\000M\000e\000t\000a\000-\000S\000k\000i\000l\000l\000\040\000F\000r\000a\000m\000e\000w\000o\000r\000k}{section.2.1}% 49
\BOOKMARK [2][-]{subsection.2.1.2}{\376\377\000B\000a\000\040\000t\000r\036\345\000\040\000c\036\331\000t\000\040\000\050\0003\000\040\000P\000i\000l\000l\000a\000r\000s\000\051}{section.2.1}% 50
\BOOKMARK [2][-]{subsection.2.1.3}{\376\377\000Q\000u\000y\000\040\000t\000r\000\354\000n\000h\000\040\0005\000\040\000b\001\260\036\333\000c\000\040\000x\000\342\000y\000\040\000d\036\361\000n\000g\000\040\000S\000k\000i\000l\000l}{section.2.1}% 51
\BOOKMARK [1][-]{section.2.2}{\376\377\000B\036\331\000\040\000k\036\371\000\040\000n\001\003\000n\000g\000\040\000M\000e\000t\000a\000-\000S\000k\000i\000l\000l\000s\000\040\000c\000h\000o\000\040\000x\000\342\000y\000\040\000d\036\361\000n\000g\000\040\000A\000g\000e\000n\000t}{chapter.2}% 52
\BOOKMARK [2][-]{subsection.2.2.1}{\376\377\000S\000k\000i\000l\000l\000\040\000A\000r\000c\000h\000i\000t\000e\000c\000t\000\040\040\024\000\040\000K\000i\036\277\000n\000\040\000t\000r\000\372\000c\000\040\000s\001\260\000\040\000t\000h\000i\036\277\000t\000\040\000k\036\277\000\040\000S\000k\000i\000l\000l\000s}{section.2.2}% 53
\BOOKMARK [2][-]{subsection.2.2.2}{\376\377\000S\000k\000i\000l\000l\000\040\000P\000l\000a\000n\000n\000e\000r\000\040\040\024\000\040\000L\036\255\000p\000\040\000k\036\277\000\040\000h\000o\036\241\000c\000h\000\040\000t\000r\000i\036\303\000n\000\040\000k\000h\000a\000i}{section.2.2}% 54
\BOOKMARK [2][-]{subsection.2.2.3}{\376\377\000S\000k\000i\000l\000l\000\040\000B\000u\000i\000l\000d\000e\000r\000\040\040\024\000\040\000K\036\371\000\040\000s\001\260\000\040\000t\000r\000i\036\303\000n\000\040\000k\000h\000a\000i}{section.2.2}% 55
\BOOKMARK [1][-]{section.2.3}{\376\377\000B\036\331\000\040\000k\036\371\000\040\000n\001\003\000n\000g\000\040\000t\000h\000i\036\277\000t\000\040\000k\036\277\000\040\000c\036\245\000u\000\040\000t\000r\000\372\000c\000\040\000d\036\357\000\040\000l\000i\036\307\000u\000\040\000\050\000C\000l\000a\000s\000s\000\040\000D\000i\000a\000g\000r\000a\000m\000\040\000A\000n\000a\000l\000y\000s\000t\000\051}{chapter.2}% 56
\BOOKMARK [2][-]{subsection.2.3.1}{\376\377\000C\001\241\000\040\000c\000h\036\277\000\040\000x\036\355\000\040\000l\000\375\000\040\001\021\036\247\000u\000\040\000v\000\340\000o\000\040\000\050\000I\000n\000p\000u\000t\000\040\000R\000e\000s\000o\000l\000u\000t\000i\000o\000n\000\051}{section.2.3}% 57
\BOOKMARK [2][-]{subsection.2.3.2}{\376\377\000C\036\245\000u\000\040\000t\000r\000\372\000c\000\040\000t\000h\001\260\000\040\000m\036\345\000c}{section.2.3}% 58
\BOOKMARK [2][-]{subsection.2.3.3}{\376\377\000Q\000u\000y\000\040\000t\000r\000\354\000n\000h\000\040\0006\000\040\000p\000h\000a\000\040\000v\000\340\000\040\000l\000u\036\323\000n\000g\000\040\000t\000h\036\361\000c\000\040\000t\000h\000i}{section.2.3}% 59
\BOOKMARK [2][-]{subsection.2.3.4}{\376\377\000D\000u\000a\000l\000-\000f\000o\000r\000m\000a\000t\000\040\000o\000u\000t\000p\000u\000t\000\040\000s\000t\000r\000a\000t\000e\000g\000y}{section.2.3}% 60
\BOOKMARK [2][-]{subsection.2.3.5}{\376\377\000A\000g\000g\000r\000e\000g\000a\000t\000e\000\040\000R\000o\000o\000t\000\040\000v\000s\000\040\000E\000m\000b\000e\000d\000d\000e\000d\000\040\000D\000o\000c\000u\000m\000e\000n\000t}{section.2.3}% 61
\BOOKMARK [2][-]{subsection.2.3.6}{\376\377\000S\000o\000u\000r\000c\000e\000\040\000C\000i\000t\000a\000t\000i\000o\000n\000\040\000m\000e\000c\000h\000a\000n\000i\000s\000m}{section.2.3}% 62
\BOOKMARK [1][-]{section.2.4}{\376\377\000B\036\331\000\040\000k\036\371\000\040\000n\001\003\000n\000g\000\040\000p\000h\000\342\000n\000\040\000t\000\355\000c\000h\000\040\000l\000u\036\323\000n\000g\000\040\000n\000g\000h\000i\036\307\000p\000\040\000v\036\345\000\040\000\050\000F\000l\000o\000w\000\040\000D\000e\000s\000i\000g\000n\000\040\000A\000n\000a\000l\000y\000s\000t\000\051}{chapter.2}% 63
\BOOKMARK [2][-]{subsection.2.4.1}{\376\377\000C\036\245\000u\000\040\000t\000r\000\372\000c\000\040\000t\000h\001\260\000\040\000m\036\345\000c}{section.2.4}% 64
\BOOKMARK [2][-]{subsection.2.4.2}{\376\377\000Q\000u\000y\000\040\000t\000r\000\354\000n\000h\000\040\000D\000i\000s\000c\000o\000v\000e\000r\000-\000b\000e\000f\000o\000r\000e\000-\000A\000s\000k}{section.2.4}% 65
\BOOKMARK [2][-]{subsection.2.4.3}{\376\377\000G\000u\000a\000r\000d\000r\000a\000i\000l\000s\000\040\000c\000h\036\321\000n\000g\000\040\000b\036\313\000a\000\040\001\021\036\267\000t\000\040\000l\000o\000g\000i\000c}{section.2.4}% 66
\BOOKMARK [2][-]{subsection.2.4.4}{\376\377\000A\000c\000t\000o\000r\000\040\000L\000a\000n\000e\000\040\000T\000a\000x\000o\000n\000o\000m\000y}{section.2.4}% 67
\BOOKMARK [1][-]{section.2.5}{\376\377\000B\036\331\000\040\000k\036\371\000\040\000n\001\003\000n\000g\000\040\000p\000h\000\342\000n\000\040\000t\000\355\000c\000h\000\040\000s\001\241\000\040\001\021\036\323\000\040\000t\000u\036\247\000n\000\040\000t\036\361\000\040\000\050\000S\000e\000q\000u\000e\000n\000c\000e\000\040\000D\000e\000s\000i\000g\000n\000\040\000A\000n\000a\000l\000y\000s\000t\000\051}{chapter.2}% 68
\BOOKMARK [2][-]{subsection.2.5.1}{\376\377\000C\036\245\000u\000\040\000t\000r\000\372\000c\000\040\000t\000h\001\260\000\040\000m\036\345\000c}{section.2.5}% 69
\BOOKMARK [2][-]{subsection.2.5.2}{\376\377\000N\000g\000u\000y\000\352\000n\000\040\000t\036\257\000c\000\040\000C\000o\000d\000e\000-\000F\000i\000r\000s\000t\000\040\000T\000r\000u\000t\000h}{section.2.5}% 70
\BOOKMARK [2][-]{subsection.2.5.3}{\376\377\000U\000M\000L\000\040\000F\000r\000a\000g\000m\000e\000n\000t\000\040\000P\000a\000t\000t\000e\000r\000n\000s}{section.2.5}% 71
\BOOKMARK [2][-]{subsection.2.5.4}{\376\377\000N\000a\000m\000i\000n\000g\000\040\000C\000o\000n\000s\000i\000s\000t\000e\000n\000c\000y\000\040\000R\000u\000l\000e}{section.2.5}% 72
\BOOKMARK [1][-]{section.2.6}{\376\377\000B\036\331\000\040\000k\036\371\000\040\000n\001\003\000n\000g\000\040\000p\000h\000\342\000n\000\040\000t\000\355\000c\000h\000\040\000s\001\241\000\040\001\021\036\323\000\040\000h\000o\036\241\000t\000\040\001\021\036\331\000n\000g\000\040\000\050\000A\000c\000t\000i\000v\000i\000t\000y\000\040\000D\000i\000a\000g\000r\000a\000m\000\040\000D\000e\000s\000i\000g\000n\000\040\000A\000n\000a\000l\000y\000s\000t\000\051}{chapter.2}% 73
\BOOKMARK [2][-]{subsection.2.6.1}{\376\377\000C\036\245\000u\000\040\000t\000r\000\372\000c\000\040\000t\000h\001\260\000\040\000m\036\345\000c}{section.2.6}% 74
\BOOKMARK [2][-]{subsection.2.6.2}{\376\377\000Q\000u\000y\000\040\000t\000r\000\354\000n\000h\000\040\0004\000\040\000p\000h\000a\000\040\000v\000\340\000\040\0002\000\040\000M\000o\000d\000e\000\040\000t\000h\036\361\000c\000\040\000t\000h\000i}{section.2.6}% 75
\BOOKMARK [2][-]{subsection.2.6.3}{\376\377\000C\000l\000e\000a\000n\000\040\000A\000r\000c\000h\000i\000t\000e\000c\000t\000u\000r\000e\000\040\000L\000a\000y\000e\000r\000i\000n\000g\000\040\000\050\000B\000-\000U\000-\000E\000\051}{section.2.6}% 76
\BOOKMARK [2][-]{subsection.2.6.4}{\376\377\000D\000e\000a\000d\000l\000o\000c\000k\000\040\000D\000e\000t\000e\000c\000t\000i\000o\000n}{section.2.6}% 77
\BOOKMARK [2][-]{subsection.2.6.5}{\376\377\000S\000w\000i\000m\000l\000a\000n\000e\000\040\000O\000r\000g\000a\000n\000i\000z\000a\000t\000i\000o\000n}{section.2.6}% 78
\BOOKMARK [1][-]{section.2.7}{\376\377\000B\036\331\000\040\000k\036\371\000\040\000n\001\003\000n\000g\000\040\000p\000h\000\342\000n\000\040\000t\000\355\000c\000h\000\040\000k\000i\036\277\000n\000\040\000t\000r\000\372\000c\000\040\000g\000i\000a\000o\000\040\000d\000i\036\307\000n\000\040\000\050\000U\000I\000\040\000A\000r\000c\000h\000i\000t\000e\000c\000t\000u\000r\000e\000\040\000A\000n\000a\000l\000y\000s\000t\000\051}{chapter.2}% 79
\BOOKMARK [2][-]{subsection.2.7.1}{\376\377\000C\036\245\000u\000\040\000t\000r\000\372\000c\000\040\000t\000h\001\260\000\040\000m\036\345\000c\000\040\000v\000\340\000\040\000E\000c\000o\000s\000y\000s\000t\000e\000m}{section.2.7}% 80
\BOOKMARK [2][-]{subsection.2.7.2}{\376\377\000D\000a\000t\000a\000-\000C\000o\000m\000p\000o\000n\000e\000n\000t\000\040\000B\000i\000n\000d\000i\000n\000g}{section.2.7}% 81
\BOOKMARK [2][-]{subsection.2.7.3}{\376\377\000Q\000u\000y\000\040\000t\000r\000\354\000n\000h\000\040\0005\000\040\000p\000h\000a\000\040\000v\000\340\000\040\000l\000u\036\323\000n\000g\000\040\000t\000h\036\361\000c\000\040\000t\000h\000i}{section.2.7}% 82
\BOOKMARK [1][-]{section.2.8}{\376\377\000B\036\331\000\040\000k\036\371\000\040\000n\001\003\000n\000g\000\040\000t\000h\000i\036\277\000t\000\040\000k\036\277\000\040\000S\000c\000h\000e\000m\000a\000\040\000v\036\255\000t\000\040\000l\000\375\000\040\000\050\000S\000c\000h\000e\000m\000a\000\040\000D\000e\000s\000i\000g\000n\000\040\000A\000n\000a\000l\000y\000s\000t\000\051}{chapter.2}% 83
\BOOKMARK [2][-]{subsection.2.8.1}{\376\377\000C\001\241\000\040\000c\000h\036\277\000\040\000I\000n\000p\000u\000t\000\040\000R\000e\000s\000o\000l\000u\000t\000i\000o\000n}{section.2.8}% 84
\BOOKMARK [2][-]{subsection.2.8.2}{\376\377\000C\036\245\000u\000\040\000t\000r\000\372\000c\000\040\000t\000h\001\260\000\040\000m\036\345\000c}{section.2.8}% 85
\BOOKMARK [2][-]{subsection.2.8.3}{\376\377\000L\000u\036\323\000n\000g\000\040\000t\000h\036\361\000c\000\040\000t\000h\000i\000\040\000v\000\340\000\040\000D\000u\000a\000l\000-\000F\000o\000r\000m\000a\000t\000\040\000O\000u\000t\000p\000u\000t}{section.2.8}% 86
\BOOKMARK [2][-]{subsection.2.8.4}{\376\377\000G\000u\000a\000r\000d\000r\000a\000i\000l\000s\000\040\000c\000h\036\321\000n\000g\000\040\036\243\000o\000\040\000g\000i\000\341\000c}{section.2.8}% 87
\BOOKMARK [1][-]{section.2.9}{\376\377\000B\036\331\000\040\000k\036\371\000\040\000n\001\003\000n\000g\000\040\000v\036\275\000\040\000g\000i\000a\000o\000\040\000d\000i\036\307\000n\000\040\000t\036\361\000\040\001\021\036\331\000n\000g\000\040\000\050\000U\000I\000\040\000P\000e\000n\000c\000i\000l\000\040\000D\000r\000a\000w\000e\000r\000\051}{chapter.2}% 88
\BOOKMARK [2][-]{subsection.2.9.1}{\376\377\000C\036\245\000u\000\040\000t\000r\000\372\000c\000\040\000t\000h\001\260\000\040\000m\036\345\000c\000\040\000v\000\340\000\040\0004\000\040\000P\000h\000a\000s\000e\000s\000\040\000t\036\361\000\040\000c\000h\036\347}{section.2.9}% 89
\BOOKMARK [2][-]{subsection.2.9.2}{\376\377\000M\000\364\000\040\000h\000\354\000n\000h\000\040\000A\000u\000t\000o\000n\000o\000m\000o\000u\000s\000\040\000E\000x\000e\000c\000u\000t\000i\000o\000n\000\040\0004\000\040\000P\000h\000a\000s\000e}{section.2.9}% 90
\BOOKMARK [2][-]{subsection.2.9.3}{\376\377\0005\000\040\000G\000u\000a\000r\000d\000r\000a\000i\000l\000s\000\040\001\021\036\243\000m\000\040\000b\036\243\000o\000\040\000t\000\355\000n\000h\000\040\000c\000h\000\355\000n\000h\000\040\000x\000\341\000c}{section.2.9}% 91
\BOOKMARK [1][-]{section.2.10}{\376\377\000Q\000u\000y\000\040\000t\000r\000\354\000n\000h\000\040\000p\000h\036\321\000i\000\040\000h\036\343\000p\000\040\000v\000\340\000\040\000t\000\355\000c\000h\000\040\000h\036\343\000p}{chapter.2}% 92
\BOOKMARK [0][-]{chapter.3}{\376\377\000T\000R\000I\036\302\000N\000\040\000K\000H\000A\000I\000\040\000V\000\300\000\040\000T\000H\036\354\000\040\000N\000G\000H\000I\036\306\000M\000\040\000H\036\306\000\040\000T\000H\036\320\000N\000G}{}% 93
\BOOKMARK [1][-]{section.3.1}{\376\377\000M\000\364\000\040\000t\036\243\000\040\000q\000u\000\341\000\040\000t\000r\000\354\000n\000h\000\040\000t\000r\000i\036\303\000n\000\040\000k\000h\000a\000i\000\040\000h\036\307\000\040\000t\000h\036\321\000n\000g}{chapter.3}% 94
\BOOKMARK [2][-]{subsection.3.1.1}{\376\377\000M\000\364\000i\000\040\000t\000r\001\260\036\335\000n\000g\000\040\000t\000r\000i\036\303\000n\000\040\000k\000h\000a\000i}{section.3.1}% 95
\BOOKMARK [2][-]{subsection.3.1.2}{\376\377\000Q\000u\000y\000\040\000t\000r\000\354\000n\000h\000\040\000t\000r\000i\036\303\000n\000\040\000k\000h\000a\000i\000\040\000t\000h\000e\000o\000\040\000p\000i\000p\000e\000l\000i\000n\000e}{section.3.1}% 96
\BOOKMARK [2][-]{subsection.3.1.3}{\376\377\000C\000\341\000c\000h\000\040\000t\000h\036\351\000c\000\040\000t\001\260\001\241\000n\000g\000\040\000t\000\341\000c\000\040\000v\036\333\000i\000\040\000A\000g\000e\000n\000t\000\040\000S\000k\000i\000l\000l\000s}{section.3.1}% 97
\BOOKMARK [1][-]{section.3.2}{\376\377\000T\000r\000\354\000n\000h\000\040\000b\000\340\000y\000\040\000k\036\277\000t\000\040\000q\000u\036\243\000\040\000t\000h\036\355\000\040\000n\000g\000h\000i\036\307\000m}{chapter.3}% 98
\BOOKMARK [2][-]{subsection.3.2.1}{\376\377\000K\036\277\000t\000\040\000q\000u\036\243\000\040\000s\001\241\000\040\001\021\036\323\000\040\000U\000s\000e\000\040\000C\000a\000s\000e}{section.3.2}% 99
\BOOKMARK [2][-]{subsection.3.2.2}{\376\377\000K\036\277\000t\000\040\000q\000u\036\243\000\040\000s\001\241\000\040\001\021\036\323\000\040\000h\000o\036\241\000t\000\040\001\021\036\331\000n\000g\000\040\000\050\000A\000c\000t\000i\000v\000i\000t\000y\000\040\000D\000i\000a\000g\000r\000a\000m\000s\000\051}{section.3.2}% 100
\BOOKMARK [2][-]{subsection.3.2.3}{\376\377\000K\036\277\000t\000\040\000q\000u\036\243\000\040\000s\001\241\000\040\001\021\036\323\000\040\000t\000u\036\247\000n\000\040\000t\036\361\000\040\000\050\000S\000e\000q\000u\000e\000n\000c\000e\000\040\000D\000i\000a\000g\000r\000a\000m\000s\000\051}{section.3.2}% 101
\BOOKMARK [2][-]{subsection.3.2.4}{\376\377\000K\036\277\000t\000\040\000q\000u\036\243\000\040\000s\001\241\000\040\001\021\036\323\000\040\000l\000u\036\323\000n\000g\000\040\000n\000g\000h\000i\036\307\000p\000\040\000v\036\345\000\040\000\050\000F\000l\000o\000w\000\040\000D\000i\000a\000g\000r\000a\000m\000s\000\051}{section.3.2}% 102
\BOOKMARK [2][-]{subsection.3.2.5}{\376\377\000K\036\277\000t\000\040\000q\000u\036\243\000\040\000s\001\241\000\040\001\021\036\323\000\040\000l\036\333\000p\000\040\000\050\000C\000l\000a\000s\000s\000\040\000D\000i\000a\000g\000r\000a\000m\000s\000\051}{section.3.2}% 103
\BOOKMARK [2][-]{subsection.3.2.6}{\376\377\000K\036\277\000t\000\040\000q\000u\036\243\000\040\000s\001\241\000\040\001\021\036\323\000\040\000q\000u\000a\000n\000\040\000h\036\307\000\040\000t\000h\036\361\000c\000\040\000t\000h\036\303\000\040\000\050\000E\000R\000\040\000D\000i\000a\000g\000r\000a\000m\000\051}{section.3.2}% 104
\BOOKMARK [2][-]{subsection.3.2.7}{\376\377\000K\036\277\000t\000\040\000q\000u\036\243\000\040\000t\000h\000i\036\277\000t\000\040\000k\036\277\000\040\000c\001\241\000\040\000s\036\337\000\040\000d\036\357\000\040\000l\000i\036\307\000u\000\040\000v\036\255\000t\000\040\000l\000\375\000\040\000\050\000S\000c\000h\000e\000m\000a\000\040\000D\000e\000s\000i\000g\000n\000\051}{section.3.2}% 105
\BOOKMARK [2][-]{subsection.3.2.8}{\376\377\000K\036\277\000t\000\040\000q\000u\036\243\000\040\000t\000h\000i\036\277\000t\000\040\000k\036\277\000\040\000g\000i\000a\000o\000\040\000d\000i\036\307\000n\000\040\000n\000g\001\260\036\335\000i\000\040\000d\000\371\000n\000g}{section.3.2}% 106
\BOOKMARK [1][-]{section.3.3}{\376\377\001\020\000\341\000n\000h\000\040\000g\000i\000\341\000\040\000h\036\307\000\040\000t\000h\036\321\000n\000g}{chapter.3}% 107
\BOOKMARK [2][-]{subsection.3.3.1}{\376\377\001\020\000\341\000n\000h\000\040\000g\000i\000\341\000\040\000v\036\301\000\040\001\021\036\331\000\040\000b\000a\000o\000\040\000p\000h\036\347\000\040\000\050\000C\000o\000v\000e\000r\000a\000g\000e\000\051}{section.3.3}% 108
\BOOKMARK [2][-]{subsection.3.3.2}{\376\377\001\020\000\341\000n\000h\000\040\000g\000i\000\341\000\040\000v\036\301\000\040\000t\000\355\000n\000h\000\040\000n\000h\036\245\000t\000\040\000q\000u\000\341\000n\000\040\000\050\000C\000o\000n\000s\000i\000s\000t\000e\000n\000c\000y\000\051}{section.3.3}% 109
\BOOKMARK [2][-]{subsection.3.3.3}{\376\377\001\020\000\341\000n\000h\000\040\000g\000i\000\341\000\040\000v\036\301\000\040\000c\000h\036\245\000t\000\040\000l\001\260\036\343\000n\000g\000\040\000k\036\371\000\040\000t\000h\000u\036\255\000t}{section.3.3}% 110
\BOOKMARK [2][-]{subsection.3.3.4}{\376\377\001\020\000\341\000n\000h\000\040\000g\000i\000\341\000\040\000v\036\301\000\040\000k\000h\036\243\000\040\000n\001\003\000n\000g\000\040\000s\036\265\000n\000\040\000s\000\340\000n\000g\000\040\000c\000h\000o\000\040\000g\000i\000a\000i\000\040\001\021\000o\036\241\000n\000\040\000t\000r\000i\036\303\000n\000\040\000k\000h\000a\000i\000\040\000\050\000L\000i\000f\000e\000-\0003\000\051}{section.3.3}% 111
\BOOKMARK [2][-]{subsection.3.3.5}{\376\377\000H\036\241\000n\000\040\000c\000h\036\277\000\040\000v\000\340\000\040\000b\000\340\000i\000\040\000h\036\315\000c\000\040\000k\000i\000n\000h\000\040\000n\000g\000h\000i\036\307\000m}{section.3.3}% 112
\BOOKMARK [0][-]{chapter*.75}{\376\377\000K\036\277\000t\000\040\000l\000u\036\255\000n\000\040\000v\000\340\000\040\000h\001\260\036\333\000n\000g\000\040\000p\000h\000\341\000t\000\040\000t\000r\000i\036\303\000n}{}% 113
\BOOKMARK [1][-]{section.3.4}{\376\377\000K\036\277\000t\000\040\000q\000u\036\243\000\040\001\021\036\241\000t\000\040\001\021\001\260\036\343\000c}{chapter*.75}% 114
\BOOKMARK [1][-]{section.3.5}{\376\377\000H\036\241\000n\000\040\000c\000h\036\277\000\040\000c\036\347\000a\000\040\000n\000g\000h\000i\000\352\000n\000\040\000c\036\351\000u}{chapter*.75}% 115
\BOOKMARK [1][-]{section.3.6}{\376\377\000H\001\260\036\333\000n\000g\000\040\000p\000h\000\341\000t\000\040\000t\000r\000i\036\303\000n\000\040\000t\000r\000o\000n\000g\000\040\000t\001\260\001\241\000n\000g\000\040\000l\000a\000i}{chapter*.75}% 116
\BOOKMARK [0][-]{chapter*.76}{\376\377\000T\000\340\000i\000\040\000l\000i\036\307\000u\000\040\000t\000h\000a\000m\000\040\000k\000h\036\243\000o}{}% 117
\BOOKMARK [0][-]{appendix*.78}{\376\377\000P\000h\036\345\000\040\000l\036\345\000c}{}% 118
\BOOKMARK [1][-]{section.Alph0.1}{\376\377\000P\000h\036\345\000\040\000l\036\345\000c\000\040\000A\000:\000\040\000C\036\245\000u\000\040\000t\000r\000\372\000c\000\040\000t\000h\001\260\000\040\000m\036\345\000c\000\040\000A\000g\000e\000n\000t\000\040\000S\000k\000i\000l\000l}{appendix*.78}% 119
\BOOKMARK [1][-]{section.Alph0.1}{\376\377\000P\000h\036\345\000\040\000l\036\345\000c\000\040\000B\000:\000\040\000T\000r\000\355\000c\000h\000\040\000m\036\253\000u\000\040\000S\000K\000I\000L\000L\000.\000m\000d}{appendix*.78}% 120
\BOOKMARK [1][-]{section.Alph0.1}{\376\377\000P\000h\036\345\000\040\000l\036\345\000c\000\040\000C\000:\000\040\000C\036\245\000u\000\040\000t\000r\000\372\000c\000\040\000s\036\243\000n\000\040\000p\000h\036\251\000m\000\040\001\021\036\247\000u\000\040\000r\000a\000\040\000L\000i\000f\000e\000-\0002}{appendix*.78}% 121
\BOOKMARK [1][-]{section.Alph0.1}{\376\377\000P\000h\036\345\000\040\000l\036\345\000c\000\040\000D\000:\000\040\000M\000\343\000\040\000n\000g\000u\036\323\000n\000\040\000M\000e\000r\000m\000a\000i\000d\000\040\000m\036\253\000u}{appendix*.78}% 122
\BOOKMARK [1][-]{section.Alph0.1}{\376\377\000P\000h\036\345\000\040\000l\036\345\000c\000\040\000E\000:\000\040\000D\000a\000n\000h\000\040\000s\000\341\000c\000h\000\040\000A\000g\000e\000n\000t\000\040\000S\000k\000i\000l\000l}{appendix*.78}% 123
